<?xml version="1.0" encoding="UTF-8"?>
<testsuite name="ca.mcgill.ecse429.todos.TodosGeneralTest" tests="12" skipped="0" failures="0" errors="0" timestamp="2024-10-08T22:03:03" hostname="Martins-MacBook-Pro.local" time="0.245">
  <properties/>
  <testcase name="testUpdateTodoById" classname="ca.mcgill.ecse429.todos.TodosGeneralTest" time="0.164"/>
  <testcase name="testHeadTodoCategories" classname="ca.mcgill.ecse429.todos.TodosGeneralTest" time="0.01"/>
  <testcase name="testGetAllTodos" classname="ca.mcgill.ecse429.todos.TodosGeneralTest" time="0.007"/>
  <testcase name="testReplaceTodoById" classname="ca.mcgill.ecse429.todos.TodosGeneralTest" time="0.009"/>
  <testcase name="testGetTodoProjects" classname="ca.mcgill.ecse429.todos.TodosGeneralTest" time="0.007"/>
  <testcase name="testDeleteTodoById" classname="ca.mcgill.ecse429.todos.TodosGeneralTest" time="0.007"/>
  <testcase name="testGetTodoById" classname="ca.mcgill.ecse429.todos.TodosGeneralTest" time="0.006"/>
  <testcase name="testHeadTodos" classname="ca.mcgill.ecse429.todos.TodosGeneralTest" time="0.007"/>
  <testcase name="testCreateTodo" classname="ca.mcgill.ecse429.todos.TodosGeneralTest" time="0.007"/>
  <testcase name="testHeadTodoProjects" classname="ca.mcgill.ecse429.todos.TodosGeneralTest" time="0.007"/>
  <testcase name="testHeadTodoById" classname="ca.mcgill.ecse429.todos.TodosGeneralTest" time="0.006"/>
  <testcase name="testGetTodoCategories" classname="ca.mcgill.ecse429.todos.TodosGeneralTest" time="0.007"/>
  <system-out><![CDATA[]]></system-out>
  <system-err><![CDATA[]]></system-err>
</testsuite>
